level info: Sep-05-2023 20:51:17 	All passwords data found!
level info: Sep-06-2023 14:46:33 	Password generated successfully
level info: Sep-06-2023 14:46:44 	Password generated successfully
level info: Sep-06-2023 14:46:58 	Password generated successfully
level info: Sep-06-2023 14:47:09 	Password generated successfully
level info: Sep-06-2023 14:54:34 	Password added successfully!
level info: Sep-06-2023 14:55:17 	Password added successfully!
level info: Sep-06-2023 14:56:52 	Password added successfully!
level info: Sep-06-2023 14:57:20 	Password added successfully!
level info: Sep-06-2023 14:58:02 	Password added successfully!
level info: Sep-06-2023 14:58:36 	Password added successfully!
level info: Sep-06-2023 14:59:06 	Password added successfully!
level info: Sep-06-2023 14:59:43 	All passwords data found!
level info: Sep-06-2023 15:00:10 	Password is copied to clipboard.
level info: Sep-06-2023 15:00:19 	Password is copied to clipboard.
level error: Dec-14-2025 02:49:38 	App password is incorrect.
level info: Dec-14-2025 02:52:12 	Password added successfully!
level error: Dec-14-2025 07:44:43 	App password is incorrect.
level error: Dec-14-2025 07:45:36 	App password is incorrect.
level error: Dec-14-2025 07:46:35 	App password is incorrect.
level error: Dec-14-2025 07:49:08 	App password is incorrect.
level error: Dec-14-2025 07:51:33 	App password is incorrect.
level error: Dec-14-2025 07:51:55 	App password is incorrect.
level info: Dec-14-2025 07:52:53 	Password has been removed successfully!
level info: Dec-14-2025 08:12:22 	Password added successfully!
level error: Dec-14-2025 08:14:53 	Password name already exists in the database.
level error: Dec-14-2025 08:15:11 	Password name already exists in the database.
level info: Dec-14-2025 08:15:43 	All passwords data found!
level error: Dec-24-2025 16:18:17 	Error: passwordName is not defined
level info: Dec-24-2025 16:19:20 	Password added successfully!
